<?xml version="1.0" encoding="UTF-8"?>
<testsuite name="TrelloTest" tests="1" skipped="0" failures="0" errors="0" timestamp="2023-05-13T13:37:40" hostname="DESKTOP-KDR0C4D" time="26.31">
  <properties/>
  <testcase name="testLogin" classname="TrelloTest" time="26.31"/>
  <system-out><![CDATA[]]></system-out>
  <system-err><![CDATA[SLF4J: Failed to load class "org.slf4j.impl.StaticLoggerBinder".
SLF4J: Defaulting to no-operation (NOP) logger implementation
SLF4J: See http://www.slf4j.org/codes.html#StaticLoggerBinder for further details.
Starting ChromeDriver 113.0.5672.63 (0e1a4471d5ae5bf128b1bd8f4d627c8cbd55f70c-refs/branch-heads/5672@{#912}) on port 42734
Only local connections are allowed.
Please see https://chromedriver.chromium.org/security-considerations for suggestions on keeping ChromeDriver safe.
ChromeDriver was started successfully.
may 13, 2023 9:37:42 AM org.openqa.selenium.devtools.CdpVersionFinder findNearestMatch
ADVERTENCIA: Unable to find an exact match for CDP version 113, so returning the closest version found: 112
]]></system-err>
</testsuite>
